<?xml version="1.0" encoding="UTF-8"?>
<!-- Generated by org.testng.reporters.JUnitReportReporter -->
<testsuite hostname="AKHILESG-IN" name="TestNextGeneration.TestNGDemo" tests="3" failures="0" timestamp="16 Aug 2020 07:41:13 GMT" time="0.017" errors="0">
  <testcase name="verifyPostUpdate" time="0.001" classname="TestNextGeneration.TestNGDemo"/>
  <testcase name="verifyLoginIntoFacebook" time="0.002" classname="TestNextGeneration.TestNGDemo"/>
  <testcase name="verifyuploadPic" time="0.014" classname="TestNextGeneration.TestNGDemo"/>
</testsuite> <!-- TestNextGeneration.TestNGDemo -->
