<?xml version="1.0" encoding="UTF-8"?>
<!-- Generated by org.testng.reporters.JUnitReportReporter -->
<testsuite hostname="AKHILESG-IN" name="TestNextGeneration.TestNGDemoTwo" tests="1" failures="0" timestamp="16 Aug 2020 09:00:44 GMT" time="0.011" errors="0">
  <testcase name="doLoginTest" time="0.011" classname="TestNextGeneration.TestNGDemoTwo"/>
</testsuite> <!-- TestNextGeneration.TestNGDemoTwo -->
