<?xml version="1.0" encoding="UTF-8"?>
<!-- Generated by org.testng.reporters.JUnitReportReporter -->
<testsuite hostname="AKHILESG-IN" name="DataProviderDemo.DataProviderDemo" tests="3" failures="0" timestamp="23 Aug 2020 14:24:41 GMT" time="83.071" errors="0">
  <testcase name="doLoginTest" time="32.513" classname="DataProviderDemo.DataProviderDemo"/>
  <testcase name="doLoginTest" time="27.932" classname="DataProviderDemo.DataProviderDemo"/>
  <testcase name="doLoginTest" time="22.626" classname="DataProviderDemo.DataProviderDemo"/>
</testsuite> <!-- DataProviderDemo.DataProviderDemo -->
