<?xml version="1.0" encoding="UTF-8"?>
<!-- Generated by org.testng.reporters.JUnitReportReporter -->
<testsuite hostname="AKHILESG-IN" name="TestNextGeneration.TestNGTutorial" tests="2" failures="0" timestamp="16 Aug 2020 09:14:35 GMT" time="0.011" errors="0">
  <testcase name="bookTicket" time="0.008" classname="TestNextGeneration.TestNGTutorial"/>
  <testcase name="watchingMovie" time="0.003" classname="TestNextGeneration.TestNGTutorial"/>
</testsuite> <!-- TestNextGeneration.TestNGTutorial -->
