<?xml version="1.0" encoding="UTF-8"?>
<!-- Generated by org.testng.reporters.JUnitReportReporter -->
<testsuite hostname="AKHILESG-IN" name="Tutorial.DataProviderDemo" tests="2" failures="0" timestamp="23 Aug 2020 10:55:13 GMT" time="0.011" errors="0">
  <testcase name="testLogin" time="0.001" classname="Tutorial.DataProviderDemo"/>
  <testcase name="testLogin" time="0.010" classname="Tutorial.DataProviderDemo"/>
</testsuite> <!-- Tutorial.DataProviderDemo -->
